[     163ms] [ERROR] Failed to load resource: the server responded with a status of 404 (Not Found) @ http://localhost:3000/:0
[   33871ms] [ERROR] Failed to load resource: the server responded with a status of 500 (Internal Server Error) @ http://localhost:3000/?_rsc=oel6l:0
[   33909ms] [ERROR] Failed to load resource: the server responded with a status of 500 (Internal Server Error) @ http://localhost:3000/?_rsc=oel6l:0
[   33997ms] [ERROR] Failed to load resource: the server responded with a status of 500 (Internal Server Error) @ http://localhost:3000/:0
[   34542ms] Error: ENOENT: no such file or directory, open '/Users/esteban.camacho/Projects/agentic-coding/code/truthseed-app/trees/55609ea1/.next/server/app/_not-found/page.js'
    at Object.readFileUtf8 (node:internal/fs/sync:25:18)
    at Object.readFileSync (node:fs:441:19)
    at Module._extensions..js (node:internal/modules/cjs/loader:1258:18)
    at Module.load (node:internal/modules/cjs/loader:1091:32)
    at Module._load (node:internal/modules/cjs/loader:938:12)
    at Module.require (node:internal/modules/cjs/loader:1115:19)
    at mod.require (file:///Users/esteban.camacho/Projects/agentic-coding/code/truthseed-app/trees/55609ea1/node_modules/.pnpm/next@15.5.12_@babel+core@7.29.0_@playwright+test@1.58.2_react-dom@18.3.1_react@18.3.1__react@18.3.1/node_modules/next/dist/server/require-hook.js:68:28)
    at require (node:internal/modules/helpers:130:18)
    at requirePage (file:///Users/esteban.camacho/Projects/agentic-coding/code/truthseed-app/trees/55609ea1/node_modules/.pnpm/next@15.5.12_@babel+core@7.29.0_@playwright+test@1.58.2_react-dom@18.3.1_react@18.3.1__react@18.3.1/node_modules/next/dist/server/require.js:99:80)
    at loadComponentsImpl (file:///Users/esteban.camacho/Projects/agentic-coding/code/truthseed-app/trees/55609ea1/node_modules/.pnpm/next@15.5.12_@babel+core@7.29.0_@playwright+test@1.58.2_react-dom@18.3.1_react@18.3.1__react@18.3.1/node_modules/next/dist/server/load-components.js:132:57)
    at async DevServer.findPageComponentsImpl (file:///Users/esteban.camacho/Projects/agentic-coding/code/truthseed-app/trees/55609ea1/node_modules/.pnpm/next@15.5.12_@babel+core@7.29.0_@playwright+test@1.58.2_react-dom@18.3.1_react@18.3.1__react@18.3.1/node_modules/next/dist/server/next-server.js:899:36)
    at async DevServer.findPageComponents (file:///Users/esteban.camacho/Projects/agentic-coding/code/truthseed-app/trees/55609ea1/node_modules/.pnpm/next@15.5.12_@babel+core@7.29.0_@playwright+test@1.58.2_react-dom@18.3.1_react@18.3.1__react@18.3.1/node_modules/next/dist/server/dev/next-dev-server.js:706:16)
    at async DevServer.renderErrorToResponseImpl (file:///Users/esteban.camacho/Projects/agentic-coding/code/truthseed-app/trees/55609ea1/node_modules/.pnpm/next@15.5.12_@babel+core@7.29.0_@playwright+test@1.58.2_react-dom@18.3.1_react@18.3.1__react@18.3.1/node_modules/next/dist/server/base-server.js:1643:30)
    at async pipe.req.req (file:///Users/esteban.camacho/Projects/agentic-coding/code/truthseed-app/trees/55609ea1/node_modules/.pnpm/next@15.5.12_@babel+core@7.29.0_@playwright+test@1.58.2_react-dom@18.3.1_react@18.3.1__react@18.3.1/node_modules/next/dist/server/base-server.js:1610:30)
    at async DevServer.pipeImpl (file:///Users/esteban.camacho/Projects/agentic-coding/code/truthseed-app/trees/55609ea1/node_modules/.pnpm/next@15.5.12_@babel+core@7.29.0_@playwright+test@1.58.2_react-dom@18.3.1_react@18.3.1__react@18.3.1/node_modules/next/dist/server/base-server.js:1025:25)
    at async (file:///Users/esteban.camacho/Projects/agentic-coding/code/truthseed-app/trees/55609ea1/node_modules/.pnpm/next@15.5.12_@babel+core@7.29.0_@playwright+test@1.58.2_react-dom@18.3.1_react@18.3.1__react@18.3.1/node_modules/next/dist/server/dev/next-dev-server.js:400:20)
    at async Span.traceAsyncFn (file:///Users/esteban.camacho/Projects/agentic-coding/code/truthseed-app/trees/55609ea1/node_modules/.pnpm/next@15.5.12_@babel+core@7.29.0_@playwright+test@1.58.2_react-dom@18.3.1_react@18.3.1__react@18.3.1/node_modules/next/dist/trace/trace.js:157:20)
    at async DevServer.handleRequest (file:///Users/esteban.camacho/Projects/agentic-coding/code/truthseed-app/trees/55609ea1/node_modules/.pnpm/next@15.5.12_@babel+core@7.29.0_@playwright+test@1.58.2_react-dom@18.3.1_react@18.3.1__react@18.3.1/node_modules/next/dist/server/dev/next-dev-server.js:396:24)
    at async invokeRender (file:///Users/esteban.camacho/Projects/agentic-coding/code/truthseed-app/trees/55609ea1/node_modules/.pnpm/next@15.5.12_@babel+core@7.29.0_@playwright+test@1.58.2_react-dom@18.3.1_react@18.3.1__react@18.3.1/node_modules/next/dist/server/lib/router-server.js:240:21)
    at async handleRequest (file:///Users/esteban.camacho/Projects/agentic-coding/code/truthseed-app/trees/55609ea1/node_modules/.pnpm/next@15.5.12_@babel+core@7.29.0_@playwright+test@1.58.2_react-dom@18.3.1_react@18.3.1__react@18.3.1/node_modules/next/dist/server/lib/router-server.js:480:13)
    at async requestHandlerImpl (file:///Users/esteban.camacho/Projects/agentic-coding/code/truthseed-app/trees/55609ea1/node_modules/.pnpm/next@15.5.12_@babel+core@7.29.0_@playwright+test@1.58.2_react-dom@18.3.1_react@18.3.1__react@18.3.1/node_modules/next/dist/server/lib/router-server.js:485:13)
    at async Server.requestListener (file:///Users/esteban.camacho/Projects/agentic-coding/code/truthseed-app/trees/55609ea1/node_modules/.pnpm/next@15.5.12_@babel+core@7.29.0_@playwright+test@1.58.2_react-dom@18.3.1_react@18.3.1__react@18.3.1/node_modules/next/dist/server/lib/start-server.js:226:13)
